  316034946_PROYECTOFINAL_GPO04.cpp
D:\OneDrive\Universidad\Semestres\Octavo semestre\Computacion Grafica\Laboratorio\Repositorio\316034946_PROYECTO_GPO04\ProyectoFinal\ProyectoFinal\316034946_PROYECTOFINAL_GPO04.cpp(253,30): warning C4244: 'initializing': conversion from 'double' to 'GLfloat', possible loss of data
D:\OneDrive\Universidad\Semestres\Octavo semestre\Computacion Grafica\Laboratorio\Repositorio\316034946_PROYECTO_GPO04\ProyectoFinal\ProyectoFinal\316034946_PROYECTOFINAL_GPO04.cpp(426,103): warning C4305: 'argument': truncation from 'double' to 'GLfloat'
D:\OneDrive\Universidad\Semestres\Octavo semestre\Computacion Grafica\Laboratorio\Repositorio\316034946_PROYECTO_GPO04\ProyectoFinal\ProyectoFinal\316034946_PROYECTOFINAL_GPO04.cpp(446,103): warning C4305: 'argument': truncation from 'double' to 'GLfloat'
D:\OneDrive\Universidad\Semestres\Octavo semestre\Computacion Grafica\Laboratorio\Repositorio\316034946_PROYECTO_GPO04\ProyectoFinal\ProyectoFinal\316034946_PROYECTOFINAL_GPO04.cpp(280,58): warning C4101: 'lightColor4': unreferenced local variable
D:\OneDrive\Universidad\Semestres\Octavo semestre\Computacion Grafica\Laboratorio\Repositorio\316034946_PROYECTO_GPO04\ProyectoFinal\ProyectoFinal\316034946_PROYECTOFINAL_GPO04.cpp(280,19): warning C4101: 'lightColor1': unreferenced local variable
D:\OneDrive\Universidad\Semestres\Octavo semestre\Computacion Grafica\Laboratorio\Repositorio\316034946_PROYECTO_GPO04\ProyectoFinal\ProyectoFinal\316034946_PROYECTOFINAL_GPO04.cpp(280,45): warning C4101: 'lightColor3': unreferenced local variable
D:\OneDrive\Universidad\Semestres\Octavo semestre\Computacion Grafica\Laboratorio\Repositorio\316034946_PROYECTO_GPO04\ProyectoFinal\ProyectoFinal\316034946_PROYECTOFINAL_GPO04.cpp(280,32): warning C4101: 'lightColor2': unreferenced local variable
D:\OneDrive\Universidad\Semestres\Octavo semestre\Computacion Grafica\Laboratorio\Repositorio\316034946_PROYECTO_GPO04\ProyectoFinal\ProyectoFinal\316034946_PROYECTOFINAL_GPO04.cpp(707,47): warning C4244: '=': conversion from 'double' to 'float', possible loss of data
D:\OneDrive\Universidad\Semestres\Octavo semestre\Computacion Grafica\Laboratorio\Repositorio\316034946_PROYECTO_GPO04\ProyectoFinal\ProyectoFinal\316034946_PROYECTOFINAL_GPO04.cpp(709,47): warning C4244: '=': conversion from 'double' to 'float', possible loss of data
D:\OneDrive\Universidad\Semestres\Octavo semestre\Computacion Grafica\Laboratorio\Repositorio\316034946_PROYECTO_GPO04\ProyectoFinal\ProyectoFinal\316034946_PROYECTOFINAL_GPO04.cpp(742,35): warning C4305: '+=': truncation from 'double' to 'float'
D:\OneDrive\Universidad\Semestres\Octavo semestre\Computacion Grafica\Laboratorio\Repositorio\316034946_PROYECTO_GPO04\ProyectoFinal\ProyectoFinal\316034946_PROYECTOFINAL_GPO04.cpp(858,17): warning C4244: '=': conversion from 'double' to 'GLfloat', possible loss of data
D:\OneDrive\Universidad\Semestres\Octavo semestre\Computacion Grafica\Laboratorio\Repositorio\316034946_PROYECTO_GPO04\ProyectoFinal\ProyectoFinal\316034946_PROYECTOFINAL_GPO04.cpp(859,17): warning C4244: '=': conversion from 'double' to 'GLfloat', possible loss of data
D:\OneDrive\Universidad\Semestres\Octavo semestre\Computacion Grafica\Laboratorio\Repositorio\316034946_PROYECTO_GPO04\ProyectoFinal\ProyectoFinal\316034946_PROYECTOFINAL_GPO04.cpp(863,21): warning C4244: 'initializing': conversion from 'double' to 'GLfloat', possible loss of data
D:\OneDrive\Universidad\Semestres\Octavo semestre\Computacion Grafica\Laboratorio\Repositorio\316034946_PROYECTO_GPO04\ProyectoFinal\ProyectoFinal\316034946_PROYECTOFINAL_GPO04.cpp(864,21): warning C4244: 'initializing': conversion from 'double' to 'GLfloat', possible loss of data
D:\OneDrive\Universidad\Semestres\Octavo semestre\Computacion Grafica\Laboratorio\Repositorio\316034946_PROYECTO_GPO04\ProyectoFinal\ProyectoFinal\316034946_PROYECTOFINAL_GPO04.cpp(866,13): warning C4244: '=': conversion from 'double' to 'GLfloat', possible loss of data
D:\OneDrive\Universidad\Semestres\Octavo semestre\Computacion Grafica\Laboratorio\Repositorio\316034946_PROYECTO_GPO04\ProyectoFinal\ProyectoFinal\316034946_PROYECTOFINAL_GPO04.cpp(867,13): warning C4244: '=': conversion from 'double' to 'GLfloat', possible loss of data
LINK : warning LNK4098: defaultlib 'MSVCRT' conflicts with use of other libs; use /NODEFAULTLIB:library
soil2-debug.lib(etc1_utils.obj) : warning LNK4099: PDB 'soil2-debug.pdb' was not found with 'soil2-debug.lib(etc1_utils.obj)' or at 'D:\OneDrive\Universidad\Semestres\Octavo semestre\Computacion Grafica\Laboratorio\Repositorio\316034946_PROYECTO_GPO04\ProyectoFinal\Debug\soil2-debug.pdb'; linking object as if no debug info
soil2-debug.lib(image_DXT.obj) : warning LNK4099: PDB 'soil2-debug.pdb' was not found with 'soil2-debug.lib(image_DXT.obj)' or at 'D:\OneDrive\Universidad\Semestres\Octavo semestre\Computacion Grafica\Laboratorio\Repositorio\316034946_PROYECTO_GPO04\ProyectoFinal\Debug\soil2-debug.pdb'; linking object as if no debug info
soil2-debug.lib(image_helper.obj) : warning LNK4099: PDB 'soil2-debug.pdb' was not found with 'soil2-debug.lib(image_helper.obj)' or at 'D:\OneDrive\Universidad\Semestres\Octavo semestre\Computacion Grafica\Laboratorio\Repositorio\316034946_PROYECTO_GPO04\ProyectoFinal\Debug\soil2-debug.pdb'; linking object as if no debug info
soil2-debug.lib(SOIL2.obj) : warning LNK4099: PDB 'soil2-debug.pdb' was not found with 'soil2-debug.lib(SOIL2.obj)' or at 'D:\OneDrive\Universidad\Semestres\Octavo semestre\Computacion Grafica\Laboratorio\Repositorio\316034946_PROYECTO_GPO04\ProyectoFinal\Debug\soil2-debug.pdb'; linking object as if no debug info
  ProyectoFinal.vcxproj -> D:\OneDrive\Universidad\Semestres\Octavo semestre\Computacion Grafica\Laboratorio\Repositorio\316034946_PROYECTO_GPO04\ProyectoFinal\Debug\ProyectoFinal.exe
